0 info it worked if it ends with ok
1 verbose cli [ '/usr/bin/node', '/usr/bin/npm', 'run', 'server' ]
2 info using npm@6.14.4
3 info using node@v10.19.0
4 verbose run-script [ 'preserver', 'server', 'postserver' ]
5 info lifecycle pancakeswap-token-charting@1.0.0~preserver: pancakeswap-token-charting@1.0.0
6 info lifecycle pancakeswap-token-charting@1.0.0~server: pancakeswap-token-charting@1.0.0
7 verbose lifecycle pancakeswap-token-charting@1.0.0~server: unsafe-perm in lifecycle true
8 verbose lifecycle pancakeswap-token-charting@1.0.0~server: PATH: /usr/share/npm/node_modules/npm-lifecycle/node-gyp-bin:/root/chart/Web3TokenCharting/node_modules/.bin:/usr/local/sbin:/usr/local/bin:/usr/sbin:/usr/bin:/sbin:/bin:/usr/games:/usr/local/games:/snap/bin
9 verbose lifecycle pancakeswap-token-charting@1.0.0~server: CWD: /root/chart/Web3TokenCharting
10 silly lifecycle pancakeswap-token-charting@1.0.0~server: Args: [ '-c', 'node ./server/app.js' ]
11 silly lifecycle pancakeswap-token-charting@1.0.0~server: Returned: code: 1  signal: null
12 info lifecycle pancakeswap-token-charting@1.0.0~server: Failed to exec server script
13 verbose stack Error: pancakeswap-token-charting@1.0.0 server: `node ./server/app.js`
13 verbose stack Exit status 1
13 verbose stack     at EventEmitter.<anonymous> (/usr/share/npm/node_modules/npm-lifecycle/index.js:332:16)
13 verbose stack     at EventEmitter.emit (events.js:198:13)
13 verbose stack     at ChildProcess.<anonymous> (/usr/share/npm/node_modules/npm-lifecycle/lib/spawn.js:55:14)
13 verbose stack     at ChildProcess.emit (events.js:198:13)
13 verbose stack     at maybeClose (internal/child_process.js:982:16)
13 verbose stack     at Process.ChildProcess._handle.onexit (internal/child_process.js:259:5)
14 verbose pkgid pancakeswap-token-charting@1.0.0
15 verbose cwd /root/chart/Web3TokenCharting
16 verbose Linux 5.4.0-100-generic
17 verbose argv "/usr/bin/node" "/usr/bin/npm" "run" "server"
18 verbose node v10.19.0
19 verbose npm  v6.14.4
20 error code ELIFECYCLE
21 error errno 1
22 error pancakeswap-token-charting@1.0.0 server: `node ./server/app.js`
22 error Exit status 1
23 error Failed at the pancakeswap-token-charting@1.0.0 server script.
23 error This is probably not a problem with npm. There is likely additional logging output above.
24 verbose exit [ 1, true ]
